<?xml version="1.0" encoding="UTF-8"?>
<!-- Generated by org.testng.reporters.JUnitXMLReporter -->
<testsuite ignored="0" hostname="DESKTOP-HKETC8G" failures="1" tests="2" name="Test" time="31.547" errors="0" timestamp="2023-05-15T12:37:19 IST">
  <testcase classname="TestCase.VerifyLoginTestCase" name="login" time="1.673"/>
  <testcase classname="TestCase.VerifySignUpTestCase" name="SignUp" time="19.018">
    <failure type="java.lang.AssertionError" message="expected [ CRM Trial: Salesforce 30-Day Trial - Salesforce IN] but found [Free CRM Trial: Salesforce 30-Day Trial - Salesforce IN]">
      <![CDATA[java.lang.AssertionError: expected [ CRM Trial: Salesforce 30-Day Trial - Salesforce IN] but found [Free CRM Trial: Salesforce 30-Day Trial - Salesforce IN]
at Resources.CommonUtilities.assertionhandle(CommonUtilities.java:22)
at TestCase.VerifySignUpTestCase.SignUp(VerifySignUpTestCase.java:32)
at java.base/java.util.ArrayList.forEach(ArrayList.java:1511)
... Removed 33 stack frames]]>
    </failure>
  </testcase> <!-- SignUp -->
</testsuite> <!-- Test -->
